<?xml version="1.0" encoding="UTF-8"?>
<testsuite xmlns:xsi="http://www.w3.org/2001/XMLSchema-instance" xsi:noNamespaceSchemaLocation="https://maven.apache.org/surefire/maven-surefire-plugin/xsd/surefire-test-report.xsd" name="com.atguigu.UserMapperTest" time="2.953" tests="1" errors="0" skipped="0" failures="0">
  <properties>
    <property name="sun.desktop" value="windows"/>
    <property name="awt.toolkit" value="sun.awt.windows.WToolkit"/>
    <property name="file.encoding.pkg" value="sun.io"/>
    <property name="java.specification.version" value="1.8"/>
    <property name="sun.cpu.isalist" value="amd64"/>
    <property name="sun.jnu.encoding" value="GBK"/>
    <property name="java.class.path" value="E:\TestProject\springboot\springboot_case\target\test-classes;E:\TestProject\springboot\springboot_case\target\classes;E:\localRepository\org\springframework\boot\spring-boot-starter-test\2.2.2.RELEASE\spring-boot-starter-test-2.2.2.RELEASE.jar;E:\localRepository\org\springframework\boot\spring-boot-starter\2.2.2.RELEASE\spring-boot-starter-2.2.2.RELEASE.jar;E:\localRepository\org\springframework\boot\spring-boot-starter-logging\2.2.2.RELEASE\spring-boot-starter-logging-2.2.2.RELEASE.jar;E:\localRepository\ch\qos\logback\logback-classic\1.2.3\logback-classic-1.2.3.jar;E:\localRepository\ch\qos\logback\logback-core\1.2.3\logback-core-1.2.3.jar;E:\localRepository\org\apache\logging\log4j\log4j-to-slf4j\2.12.1\log4j-to-slf4j-2.12.1.jar;E:\localRepository\org\apache\logging\log4j\log4j-api\2.12.1\log4j-api-2.12.1.jar;E:\localRepository\org\slf4j\jul-to-slf4j\1.7.29\jul-to-slf4j-1.7.29.jar;E:\localRepository\jakarta\annotation\jakarta.annotation-api\1.3.5\jakarta.annotation-api-1.3.5.jar;E:\localRepository\org\yaml\snakeyaml\1.25\snakeyaml-1.25.jar;E:\localRepository\org\springframework\boot\spring-boot-test\2.2.2.RELEASE\spring-boot-test-2.2.2.RELEASE.jar;E:\localRepository\org\springframework\boot\spring-boot-test-autoconfigure\2.2.2.RELEASE\spring-boot-test-autoconfigure-2.2.2.RELEASE.jar;E:\localRepository\com\jayway\jsonpath\json-path\2.4.0\json-path-2.4.0.jar;E:\localRepository\net\minidev\json-smart\2.3\json-smart-2.3.jar;E:\localRepository\net\minidev\accessors-smart\1.2\accessors-smart-1.2.jar;E:\localRepository\org\ow2\asm\asm\5.0.4\asm-5.0.4.jar;E:\localRepository\jakarta\xml\bind\jakarta.xml.bind-api\2.3.2\jakarta.xml.bind-api-2.3.2.jar;E:\localRepository\jakarta\activation\jakarta.activation-api\1.2.1\jakarta.activation-api-1.2.1.jar;E:\localRepository\org\junit\jupiter\junit-jupiter\5.5.2\junit-jupiter-5.5.2.jar;E:\localRepository\org\junit\jupiter\junit-jupiter-api\5.5.2\junit-jupiter-api-5.5.2.jar;E:\localRepository\org\opentest4j\opentest4j\1.2.0\opentest4j-1.2.0.jar;E:\localRepository\org\junit\platform\junit-platform-commons\1.5.2\junit-platform-commons-1.5.2.jar;E:\localRepository\org\junit\jupiter\junit-jupiter-params\5.5.2\junit-jupiter-params-5.5.2.jar;E:\localRepository\org\junit\jupiter\junit-jupiter-engine\5.5.2\junit-jupiter-engine-5.5.2.jar;E:\localRepository\org\junit\vintage\junit-vintage-engine\5.5.2\junit-vintage-engine-5.5.2.jar;E:\localRepository\org\apiguardian\apiguardian-api\1.1.0\apiguardian-api-1.1.0.jar;E:\localRepository\org\junit\platform\junit-platform-engine\1.5.2\junit-platform-engine-1.5.2.jar;E:\localRepository\junit\junit\4.12\junit-4.12.jar;E:\localRepository\org\mockito\mockito-junit-jupiter\3.1.0\mockito-junit-jupiter-3.1.0.jar;E:\localRepository\org\assertj\assertj-core\3.13.2\assertj-core-3.13.2.jar;E:\localRepository\org\hamcrest\hamcrest\2.1\hamcrest-2.1.jar;E:\localRepository\org\mockito\mockito-core\3.1.0\mockito-core-3.1.0.jar;E:\localRepository\net\bytebuddy\byte-buddy\1.10.4\byte-buddy-1.10.4.jar;E:\localRepository\net\bytebuddy\byte-buddy-agent\1.10.4\byte-buddy-agent-1.10.4.jar;E:\localRepository\org\objenesis\objenesis\2.6\objenesis-2.6.jar;E:\localRepository\org\skyscreamer\jsonassert\1.5.0\jsonassert-1.5.0.jar;E:\localRepository\com\vaadin\external\google\android-json\0.0.20131108.vaadin1\android-json-0.0.20131108.vaadin1.jar;E:\localRepository\org\springframework\spring-core\5.2.2.RELEASE\spring-core-5.2.2.RELEASE.jar;E:\localRepository\org\springframework\spring-jcl\5.2.2.RELEASE\spring-jcl-5.2.2.RELEASE.jar;E:\localRepository\org\springframework\spring-test\5.2.2.RELEASE\spring-test-5.2.2.RELEASE.jar;E:\localRepository\org\xmlunit\xmlunit-core\2.6.3\xmlunit-core-2.6.3.jar;E:\localRepository\tk\mybatis\mapper-spring-boot-starter\2.1.5\mapper-spring-boot-starter-2.1.5.jar;E:\localRepository\org\mybatis\mybatis\3.4.6\mybatis-3.4.6.jar;E:\localRepository\org\mybatis\mybatis-spring\1.3.2\mybatis-spring-1.3.2.jar;E:\localRepository\tk\mybatis\mapper-core\1.1.5\mapper-core-1.1.5.jar;E:\localRepository\javax\persistence\persistence-api\1.0\persistence-api-1.0.jar;E:\localRepository\tk\mybatis\mapper-base\1.1.5\mapper-base-1.1.5.jar;E:\localRepository\tk\mybatis\mapper-weekend\1.1.5\mapper-weekend-1.1.5.jar;E:\localRepository\tk\mybatis\mapper-spring\1.1.5\mapper-spring-1.1.5.jar;E:\localRepository\tk\mybatis\mapper-extra\1.1.5\mapper-extra-1.1.5.jar;E:\localRepository\tk\mybatis\mapper-spring-boot-autoconfigure\2.1.5\mapper-spring-boot-autoconfigure-2.1.5.jar;E:\localRepository\org\springframework\boot\spring-boot-starter-jdbc\2.2.2.RELEASE\spring-boot-starter-jdbc-2.2.2.RELEASE.jar;E:\localRepository\com\zaxxer\HikariCP\3.4.1\HikariCP-3.4.1.jar;E:\localRepository\org\springframework\spring-jdbc\5.2.2.RELEASE\spring-jdbc-5.2.2.RELEASE.jar;E:\localRepository\org\springframework\spring-beans\5.2.2.RELEASE\spring-beans-5.2.2.RELEASE.jar;E:\localRepository\org\springframework\spring-tx\5.2.2.RELEASE\spring-tx-5.2.2.RELEASE.jar;E:\localRepository\mysql\mysql-connector-java\8.0.18\mysql-connector-java-8.0.18.jar;E:\localRepository\com\alibaba\druid-spring-boot-starter\1.2.15\druid-spring-boot-starter-1.2.15.jar;E:\localRepository\com\alibaba\druid\1.2.15\druid-1.2.15.jar;E:\localRepository\org\slf4j\slf4j-api\1.7.29\slf4j-api-1.7.29.jar;E:\localRepository\org\springframework\boot\spring-boot-autoconfigure\2.2.2.RELEASE\spring-boot-autoconfigure-2.2.2.RELEASE.jar;E:\localRepository\org\springframework\boot\spring-boot-starter-web\2.2.2.RELEASE\spring-boot-starter-web-2.2.2.RELEASE.jar;E:\localRepository\org\springframework\boot\spring-boot-starter-json\2.2.2.RELEASE\spring-boot-starter-json-2.2.2.RELEASE.jar;E:\localRepository\com\fasterxml\jackson\core\jackson-databind\2.10.1\jackson-databind-2.10.1.jar;E:\localRepository\com\fasterxml\jackson\core\jackson-annotations\2.10.1\jackson-annotations-2.10.1.jar;E:\localRepository\com\fasterxml\jackson\core\jackson-core\2.10.1\jackson-core-2.10.1.jar;E:\localRepository\com\fasterxml\jackson\datatype\jackson-datatype-jdk8\2.10.1\jackson-datatype-jdk8-2.10.1.jar;E:\localRepository\com\fasterxml\jackson\datatype\jackson-datatype-jsr310\2.10.1\jackson-datatype-jsr310-2.10.1.jar;E:\localRepository\com\fasterxml\jackson\module\jackson-module-parameter-names\2.10.1\jackson-module-parameter-names-2.10.1.jar;E:\localRepository\org\springframework\boot\spring-boot-starter-tomcat\2.2.2.RELEASE\spring-boot-starter-tomcat-2.2.2.RELEASE.jar;E:\localRepository\org\apache\tomcat\embed\tomcat-embed-core\9.0.29\tomcat-embed-core-9.0.29.jar;E:\localRepository\org\apache\tomcat\embed\tomcat-embed-el\9.0.29\tomcat-embed-el-9.0.29.jar;E:\localRepository\org\apache\tomcat\embed\tomcat-embed-websocket\9.0.29\tomcat-embed-websocket-9.0.29.jar;E:\localRepository\org\springframework\boot\spring-boot-starter-validation\2.2.2.RELEASE\spring-boot-starter-validation-2.2.2.RELEASE.jar;E:\localRepository\jakarta\validation\jakarta.validation-api\2.0.1\jakarta.validation-api-2.0.1.jar;E:\localRepository\org\hibernate\validator\hibernate-validator\6.0.18.Final\hibernate-validator-6.0.18.Final.jar;E:\localRepository\org\jboss\logging\jboss-logging\3.4.1.Final\jboss-logging-3.4.1.Final.jar;E:\localRepository\com\fasterxml\classmate\1.5.1\classmate-1.5.1.jar;E:\localRepository\org\springframework\spring-web\5.2.2.RELEASE\spring-web-5.2.2.RELEASE.jar;E:\localRepository\org\springframework\spring-webmvc\5.2.2.RELEASE\spring-webmvc-5.2.2.RELEASE.jar;E:\localRepository\org\springframework\spring-aop\5.2.2.RELEASE\spring-aop-5.2.2.RELEASE.jar;E:\localRepository\org\springframework\spring-context\5.2.2.RELEASE\spring-context-5.2.2.RELEASE.jar;E:\localRepository\org\springframework\spring-expression\5.2.2.RELEASE\spring-expression-5.2.2.RELEASE.jar;E:\localRepository\org\springframework\boot\spring-boot-starter-data-redis\2.2.2.RELEASE\spring-boot-starter-data-redis-2.2.2.RELEASE.jar;E:\localRepository\org\springframework\data\spring-data-redis\2.2.3.RELEASE\spring-data-redis-2.2.3.RELEASE.jar;E:\localRepository\org\springframework\data\spring-data-keyvalue\2.2.3.RELEASE\spring-data-keyvalue-2.2.3.RELEASE.jar;E:\localRepository\org\springframework\data\spring-data-commons\2.2.3.RELEASE\spring-data-commons-2.2.3.RELEASE.jar;E:\localRepository\org\springframework\spring-oxm\5.2.2.RELEASE\spring-oxm-5.2.2.RELEASE.jar;E:\localRepository\org\springframework\spring-context-support\5.2.2.RELEASE\spring-context-support-5.2.2.RELEASE.jar;E:\localRepository\io\lettuce\lettuce-core\5.2.1.RELEASE\lettuce-core-5.2.1.RELEASE.jar;E:\localRepository\io\netty\netty-common\4.1.43.Final\netty-common-4.1.43.Final.jar;E:\localRepository\io\netty\netty-handler\4.1.43.Final\netty-handler-4.1.43.Final.jar;E:\localRepository\io\netty\netty-buffer\4.1.43.Final\netty-buffer-4.1.43.Final.jar;E:\localRepository\io\netty\netty-codec\4.1.43.Final\netty-codec-4.1.43.Final.jar;E:\localRepository\io\netty\netty-transport\4.1.43.Final\netty-transport-4.1.43.Final.jar;E:\localRepository\io\netty\netty-resolver\4.1.43.Final\netty-resolver-4.1.43.Final.jar;E:\localRepository\io\projectreactor\reactor-core\3.3.1.RELEASE\reactor-core-3.3.1.RELEASE.jar;E:\localRepository\org\reactivestreams\reactive-streams\1.0.3\reactive-streams-1.0.3.jar;E:\localRepository\org\springframework\boot\spring-boot-starter-actuator\2.2.2.RELEASE\spring-boot-starter-actuator-2.2.2.RELEASE.jar;E:\localRepository\org\springframework\boot\spring-boot-actuator-autoconfigure\2.2.2.RELEASE\spring-boot-actuator-autoconfigure-2.2.2.RELEASE.jar;E:\localRepository\org\springframework\boot\spring-boot-actuator\2.2.2.RELEASE\spring-boot-actuator-2.2.2.RELEASE.jar;E:\localRepository\io\micrometer\micrometer-core\1.3.1\micrometer-core-1.3.1.jar;E:\localRepository\org\hdrhistogram\HdrHistogram\2.1.11\HdrHistogram-2.1.11.jar;E:\localRepository\org\latencyutils\LatencyUtils\2.0.3\LatencyUtils-2.0.3.jar;E:\localRepository\org\apache\commons\commons-lang3\3.9\commons-lang3-3.9.jar;E:\localRepository\org\springframework\boot\spring-boot-devtools\2.2.2.RELEASE\spring-boot-devtools-2.2.2.RELEASE.jar;E:\localRepository\org\springframework\boot\spring-boot\2.2.2.RELEASE\spring-boot-2.2.2.RELEASE.jar;E:\localRepository\de\codecentric\spring-boot-admin-starter-client\2.2.0\spring-boot-admin-starter-client-2.2.0.jar;E:\localRepository\de\codecentric\spring-boot-admin-client\2.2.0\spring-boot-admin-client-2.2.0.jar;E:\localRepository\org\jolokia\jolokia-core\1.6.2\jolokia-core-1.6.2.jar;E:\localRepository\com\googlecode\json-simple\json-simple\1.1.1\json-simple-1.1.1.jar;"/>
    <property name="java.vm.vendor" value="Oracle Corporation"/>
    <property name="sun.arch.data.model" value="64"/>
    <property name="user.variant" value=""/>
    <property name="java.vendor.url" value="http://java.oracle.com/"/>
    <property name="user.timezone" value="Asia/Shanghai"/>
    <property name="java.vm.specification.version" value="1.8"/>
    <property name="os.name" value="Windows 11"/>
    <property name="user.country" value="CN"/>
    <property name="sun.java.launcher" value="SUN_STANDARD"/>
    <property name="sun.boot.library.path" value="D:\Software\java\jdk1.8.0_341\jre\bin"/>
    <property name="sun.java.command" value="C:\Users\23889\AppData\Local\Temp\surefire2913123631378662277\surefirebooter2365205332598444194.jar C:\Users\23889\AppData\Local\Temp\surefire2913123631378662277 2023-01-22T22-32-00_267-jvmRun1 surefire1950588606428068883tmp surefire_04700030777590834147tmp"/>
    <property name="surefire.test.class.path" value="E:\TestProject\springboot\springboot_case\target\test-classes;E:\TestProject\springboot\springboot_case\target\classes;E:\localRepository\org\springframework\boot\spring-boot-starter-test\2.2.2.RELEASE\spring-boot-starter-test-2.2.2.RELEASE.jar;E:\localRepository\org\springframework\boot\spring-boot-starter\2.2.2.RELEASE\spring-boot-starter-2.2.2.RELEASE.jar;E:\localRepository\org\springframework\boot\spring-boot-starter-logging\2.2.2.RELEASE\spring-boot-starter-logging-2.2.2.RELEASE.jar;E:\localRepository\ch\qos\logback\logback-classic\1.2.3\logback-classic-1.2.3.jar;E:\localRepository\ch\qos\logback\logback-core\1.2.3\logback-core-1.2.3.jar;E:\localRepository\org\apache\logging\log4j\log4j-to-slf4j\2.12.1\log4j-to-slf4j-2.12.1.jar;E:\localRepository\org\apache\logging\log4j\log4j-api\2.12.1\log4j-api-2.12.1.jar;E:\localRepository\org\slf4j\jul-to-slf4j\1.7.29\jul-to-slf4j-1.7.29.jar;E:\localRepository\jakarta\annotation\jakarta.annotation-api\1.3.5\jakarta.annotation-api-1.3.5.jar;E:\localRepository\org\yaml\snakeyaml\1.25\snakeyaml-1.25.jar;E:\localRepository\org\springframework\boot\spring-boot-test\2.2.2.RELEASE\spring-boot-test-2.2.2.RELEASE.jar;E:\localRepository\org\springframework\boot\spring-boot-test-autoconfigure\2.2.2.RELEASE\spring-boot-test-autoconfigure-2.2.2.RELEASE.jar;E:\localRepository\com\jayway\jsonpath\json-path\2.4.0\json-path-2.4.0.jar;E:\localRepository\net\minidev\json-smart\2.3\json-smart-2.3.jar;E:\localRepository\net\minidev\accessors-smart\1.2\accessors-smart-1.2.jar;E:\localRepository\org\ow2\asm\asm\5.0.4\asm-5.0.4.jar;E:\localRepository\jakarta\xml\bind\jakarta.xml.bind-api\2.3.2\jakarta.xml.bind-api-2.3.2.jar;E:\localRepository\jakarta\activation\jakarta.activation-api\1.2.1\jakarta.activation-api-1.2.1.jar;E:\localRepository\org\junit\jupiter\junit-jupiter\5.5.2\junit-jupiter-5.5.2.jar;E:\localRepository\org\junit\jupiter\junit-jupiter-api\5.5.2\junit-jupiter-api-5.5.2.jar;E:\localRepository\org\opentest4j\opentest4j\1.2.0\opentest4j-1.2.0.jar;E:\localRepository\org\junit\platform\junit-platform-commons\1.5.2\junit-platform-commons-1.5.2.jar;E:\localRepository\org\junit\jupiter\junit-jupiter-params\5.5.2\junit-jupiter-params-5.5.2.jar;E:\localRepository\org\junit\jupiter\junit-jupiter-engine\5.5.2\junit-jupiter-engine-5.5.2.jar;E:\localRepository\org\junit\vintage\junit-vintage-engine\5.5.2\junit-vintage-engine-5.5.2.jar;E:\localRepository\org\apiguardian\apiguardian-api\1.1.0\apiguardian-api-1.1.0.jar;E:\localRepository\org\junit\platform\junit-platform-engine\1.5.2\junit-platform-engine-1.5.2.jar;E:\localRepository\junit\junit\4.12\junit-4.12.jar;E:\localRepository\org\mockito\mockito-junit-jupiter\3.1.0\mockito-junit-jupiter-3.1.0.jar;E:\localRepository\org\assertj\assertj-core\3.13.2\assertj-core-3.13.2.jar;E:\localRepository\org\hamcrest\hamcrest\2.1\hamcrest-2.1.jar;E:\localRepository\org\mockito\mockito-core\3.1.0\mockito-core-3.1.0.jar;E:\localRepository\net\bytebuddy\byte-buddy\1.10.4\byte-buddy-1.10.4.jar;E:\localRepository\net\bytebuddy\byte-buddy-agent\1.10.4\byte-buddy-agent-1.10.4.jar;E:\localRepository\org\objenesis\objenesis\2.6\objenesis-2.6.jar;E:\localRepository\org\skyscreamer\jsonassert\1.5.0\jsonassert-1.5.0.jar;E:\localRepository\com\vaadin\external\google\android-json\0.0.20131108.vaadin1\android-json-0.0.20131108.vaadin1.jar;E:\localRepository\org\springframework\spring-core\5.2.2.RELEASE\spring-core-5.2.2.RELEASE.jar;E:\localRepository\org\springframework\spring-jcl\5.2.2.RELEASE\spring-jcl-5.2.2.RELEASE.jar;E:\localRepository\org\springframework\spring-test\5.2.2.RELEASE\spring-test-5.2.2.RELEASE.jar;E:\localRepository\org\xmlunit\xmlunit-core\2.6.3\xmlunit-core-2.6.3.jar;E:\localRepository\tk\mybatis\mapper-spring-boot-starter\2.1.5\mapper-spring-boot-starter-2.1.5.jar;E:\localRepository\org\mybatis\mybatis\3.4.6\mybatis-3.4.6.jar;E:\localRepository\org\mybatis\mybatis-spring\1.3.2\mybatis-spring-1.3.2.jar;E:\localRepository\tk\mybatis\mapper-core\1.1.5\mapper-core-1.1.5.jar;E:\localRepository\javax\persistence\persistence-api\1.0\persistence-api-1.0.jar;E:\localRepository\tk\mybatis\mapper-base\1.1.5\mapper-base-1.1.5.jar;E:\localRepository\tk\mybatis\mapper-weekend\1.1.5\mapper-weekend-1.1.5.jar;E:\localRepository\tk\mybatis\mapper-spring\1.1.5\mapper-spring-1.1.5.jar;E:\localRepository\tk\mybatis\mapper-extra\1.1.5\mapper-extra-1.1.5.jar;E:\localRepository\tk\mybatis\mapper-spring-boot-autoconfigure\2.1.5\mapper-spring-boot-autoconfigure-2.1.5.jar;E:\localRepository\org\springframework\boot\spring-boot-starter-jdbc\2.2.2.RELEASE\spring-boot-starter-jdbc-2.2.2.RELEASE.jar;E:\localRepository\com\zaxxer\HikariCP\3.4.1\HikariCP-3.4.1.jar;E:\localRepository\org\springframework\spring-jdbc\5.2.2.RELEASE\spring-jdbc-5.2.2.RELEASE.jar;E:\localRepository\org\springframework\spring-beans\5.2.2.RELEASE\spring-beans-5.2.2.RELEASE.jar;E:\localRepository\org\springframework\spring-tx\5.2.2.RELEASE\spring-tx-5.2.2.RELEASE.jar;E:\localRepository\mysql\mysql-connector-java\8.0.18\mysql-connector-java-8.0.18.jar;E:\localRepository\com\alibaba\druid-spring-boot-starter\1.2.15\druid-spring-boot-starter-1.2.15.jar;E:\localRepository\com\alibaba\druid\1.2.15\druid-1.2.15.jar;E:\localRepository\org\slf4j\slf4j-api\1.7.29\slf4j-api-1.7.29.jar;E:\localRepository\org\springframework\boot\spring-boot-autoconfigure\2.2.2.RELEASE\spring-boot-autoconfigure-2.2.2.RELEASE.jar;E:\localRepository\org\springframework\boot\spring-boot-starter-web\2.2.2.RELEASE\spring-boot-starter-web-2.2.2.RELEASE.jar;E:\localRepository\org\springframework\boot\spring-boot-starter-json\2.2.2.RELEASE\spring-boot-starter-json-2.2.2.RELEASE.jar;E:\localRepository\com\fasterxml\jackson\core\jackson-databind\2.10.1\jackson-databind-2.10.1.jar;E:\localRepository\com\fasterxml\jackson\core\jackson-annotations\2.10.1\jackson-annotations-2.10.1.jar;E:\localRepository\com\fasterxml\jackson\core\jackson-core\2.10.1\jackson-core-2.10.1.jar;E:\localRepository\com\fasterxml\jackson\datatype\jackson-datatype-jdk8\2.10.1\jackson-datatype-jdk8-2.10.1.jar;E:\localRepository\com\fasterxml\jackson\datatype\jackson-datatype-jsr310\2.10.1\jackson-datatype-jsr310-2.10.1.jar;E:\localRepository\com\fasterxml\jackson\module\jackson-module-parameter-names\2.10.1\jackson-module-parameter-names-2.10.1.jar;E:\localRepository\org\springframework\boot\spring-boot-starter-tomcat\2.2.2.RELEASE\spring-boot-starter-tomcat-2.2.2.RELEASE.jar;E:\localRepository\org\apache\tomcat\embed\tomcat-embed-core\9.0.29\tomcat-embed-core-9.0.29.jar;E:\localRepository\org\apache\tomcat\embed\tomcat-embed-el\9.0.29\tomcat-embed-el-9.0.29.jar;E:\localRepository\org\apache\tomcat\embed\tomcat-embed-websocket\9.0.29\tomcat-embed-websocket-9.0.29.jar;E:\localRepository\org\springframework\boot\spring-boot-starter-validation\2.2.2.RELEASE\spring-boot-starter-validation-2.2.2.RELEASE.jar;E:\localRepository\jakarta\validation\jakarta.validation-api\2.0.1\jakarta.validation-api-2.0.1.jar;E:\localRepository\org\hibernate\validator\hibernate-validator\6.0.18.Final\hibernate-validator-6.0.18.Final.jar;E:\localRepository\org\jboss\logging\jboss-logging\3.4.1.Final\jboss-logging-3.4.1.Final.jar;E:\localRepository\com\fasterxml\classmate\1.5.1\classmate-1.5.1.jar;E:\localRepository\org\springframework\spring-web\5.2.2.RELEASE\spring-web-5.2.2.RELEASE.jar;E:\localRepository\org\springframework\spring-webmvc\5.2.2.RELEASE\spring-webmvc-5.2.2.RELEASE.jar;E:\localRepository\org\springframework\spring-aop\5.2.2.RELEASE\spring-aop-5.2.2.RELEASE.jar;E:\localRepository\org\springframework\spring-context\5.2.2.RELEASE\spring-context-5.2.2.RELEASE.jar;E:\localRepository\org\springframework\spring-expression\5.2.2.RELEASE\spring-expression-5.2.2.RELEASE.jar;E:\localRepository\org\springframework\boot\spring-boot-starter-data-redis\2.2.2.RELEASE\spring-boot-starter-data-redis-2.2.2.RELEASE.jar;E:\localRepository\org\springframework\data\spring-data-redis\2.2.3.RELEASE\spring-data-redis-2.2.3.RELEASE.jar;E:\localRepository\org\springframework\data\spring-data-keyvalue\2.2.3.RELEASE\spring-data-keyvalue-2.2.3.RELEASE.jar;E:\localRepository\org\springframework\data\spring-data-commons\2.2.3.RELEASE\spring-data-commons-2.2.3.RELEASE.jar;E:\localRepository\org\springframework\spring-oxm\5.2.2.RELEASE\spring-oxm-5.2.2.RELEASE.jar;E:\localRepository\org\springframework\spring-context-support\5.2.2.RELEASE\spring-context-support-5.2.2.RELEASE.jar;E:\localRepository\io\lettuce\lettuce-core\5.2.1.RELEASE\lettuce-core-5.2.1.RELEASE.jar;E:\localRepository\io\netty\netty-common\4.1.43.Final\netty-common-4.1.43.Final.jar;E:\localRepository\io\netty\netty-handler\4.1.43.Final\netty-handler-4.1.43.Final.jar;E:\localRepository\io\netty\netty-buffer\4.1.43.Final\netty-buffer-4.1.43.Final.jar;E:\localRepository\io\netty\netty-codec\4.1.43.Final\netty-codec-4.1.43.Final.jar;E:\localRepository\io\netty\netty-transport\4.1.43.Final\netty-transport-4.1.43.Final.jar;E:\localRepository\io\netty\netty-resolver\4.1.43.Final\netty-resolver-4.1.43.Final.jar;E:\localRepository\io\projectreactor\reactor-core\3.3.1.RELEASE\reactor-core-3.3.1.RELEASE.jar;E:\localRepository\org\reactivestreams\reactive-streams\1.0.3\reactive-streams-1.0.3.jar;E:\localRepository\org\springframework\boot\spring-boot-starter-actuator\2.2.2.RELEASE\spring-boot-starter-actuator-2.2.2.RELEASE.jar;E:\localRepository\org\springframework\boot\spring-boot-actuator-autoconfigure\2.2.2.RELEASE\spring-boot-actuator-autoconfigure-2.2.2.RELEASE.jar;E:\localRepository\org\springframework\boot\spring-boot-actuator\2.2.2.RELEASE\spring-boot-actuator-2.2.2.RELEASE.jar;E:\localRepository\io\micrometer\micrometer-core\1.3.1\micrometer-core-1.3.1.jar;E:\localRepository\org\hdrhistogram\HdrHistogram\2.1.11\HdrHistogram-2.1.11.jar;E:\localRepository\org\latencyutils\LatencyUtils\2.0.3\LatencyUtils-2.0.3.jar;E:\localRepository\org\apache\commons\commons-lang3\3.9\commons-lang3-3.9.jar;E:\localRepository\org\springframework\boot\spring-boot-devtools\2.2.2.RELEASE\spring-boot-devtools-2.2.2.RELEASE.jar;E:\localRepository\org\springframework\boot\spring-boot\2.2.2.RELEASE\spring-boot-2.2.2.RELEASE.jar;E:\localRepository\de\codecentric\spring-boot-admin-starter-client\2.2.0\spring-boot-admin-starter-client-2.2.0.jar;E:\localRepository\de\codecentric\spring-boot-admin-client\2.2.0\spring-boot-admin-client-2.2.0.jar;E:\localRepository\org\jolokia\jolokia-core\1.6.2\jolokia-core-1.6.2.jar;E:\localRepository\com\googlecode\json-simple\json-simple\1.1.1\json-simple-1.1.1.jar;"/>
    <property name="sun.cpu.endian" value="little"/>
    <property name="user.home" value="C:\Users\23889"/>
    <property name="user.language" value="zh"/>
    <property name="java.specification.vendor" value="Oracle Corporation"/>
    <property name="java.home" value="D:\Software\java\jdk1.8.0_341\jre"/>
    <property name="basedir" value="E:\TestProject\springboot\springboot_case"/>
    <property name="file.separator" value="\"/>
    <property name="line.separator" value="&#10;"/>
    <property name="java.vm.specification.vendor" value="Oracle Corporation"/>
    <property name="java.specification.name" value="Java Platform API Specification"/>
    <property name="java.awt.graphicsenv" value="sun.awt.Win32GraphicsEnvironment"/>
    <property name="surefire.real.class.path" value="C:\Users\23889\AppData\Local\Temp\surefire2913123631378662277\surefirebooter2365205332598444194.jar"/>
    <property name="sun.boot.class.path" value="D:\Software\java\jdk1.8.0_341\jre\lib\resources.jar;D:\Software\java\jdk1.8.0_341\jre\lib\rt.jar;D:\Software\java\jdk1.8.0_341\jre\lib\jsse.jar;D:\Software\java\jdk1.8.0_341\jre\lib\jce.jar;D:\Software\java\jdk1.8.0_341\jre\lib\charsets.jar;D:\Software\java\jdk1.8.0_341\jre\lib\jfr.jar;D:\Software\java\jdk1.8.0_341\jre\classes"/>
    <property name="user.script" value=""/>
    <property name="sun.management.compiler" value="HotSpot 64-Bit Tiered Compilers"/>
    <property name="java.runtime.version" value="1.8.0_341-b10"/>
    <property name="user.name" value="23889"/>
    <property name="path.separator" value=";"/>
    <property name="os.version" value="10.0"/>
    <property name="java.endorsed.dirs" value="D:\Software\java\jdk1.8.0_341\jre\lib\endorsed"/>
    <property name="java.runtime.name" value="Java(TM) SE Runtime Environment"/>
    <property name="file.encoding" value="GBK"/>
    <property name="java.vm.name" value="Java HotSpot(TM) 64-Bit Server VM"/>
    <property name="localRepository" value="E:\localRepository"/>
    <property name="java.vendor.url.bug" value="http://bugreport.sun.com/bugreport/"/>
    <property name="java.io.tmpdir" value="C:\Users\23889\AppData\Local\Temp\"/>
    <property name="idea.version" value="2022.3.1"/>
    <property name="java.version" value="1.8.0_341"/>
    <property name="user.dir" value="E:\TestProject\springboot\springboot_case"/>
    <property name="os.arch" value="amd64"/>
    <property name="java.vm.specification.name" value="Java Virtual Machine Specification"/>
    <property name="java.awt.printerjob" value="sun.awt.windows.WPrinterJob"/>
    <property name="sun.os.patch.level" value=""/>
    <property name="java.library.path" value="D:\Software\java\jdk1.8.0_341\jre\bin;C:\WINDOWS\Sun\Java\bin;C:\WINDOWS\system32;C:\WINDOWS;D:\Software\VMware\bin\;C:\WINDOWS\system32;C:\WINDOWS;C:\WINDOWS\System32\Wbem;C:\WINDOWS\System32\WindowsPowerShell\v1.0\;C:\WINDOWS\System32\OpenSSH\;C:\Program Files\NVIDIA Corporation\NVIDIA NvDLISR;C:\Program Files\dotnet\;D:\Software\java\jdk1.8.0_341\bin;D:\apache-maven-3.8.6\bin;D:\apache-tomcat-9.0.64\lib;D:\apache-tomcat-9.0.64\bin;D:\apache-zookeeper-3.7.1\bin;D:\apache-zookeeper-3.7.1\conf;D:\Software\Program Files\Python311;C:\Program Files (x86)\NVIDIA Corporation\PhysX\Common;D:\Software\Git\cmd;D:\mysql-8.0.31-winx64\bin;D:\gradle-7.6\bin;D:\Software\Android\Sdk\build-tools\33.0.1;D:\Software\Android\Sdk\emulator;D:\Software\Android\Sdk\platform-tools;C:\Users\23889\AppData\Local\Programs\Python\Python312\Scripts\;C:\Users\23889\AppData\Local\Programs\Python\Python312\;C:\Users\23889\AppData\Local\Microsoft\WindowsApps;;D:\Software\Programs\Microsoft VS Code\bin;D:\Software\IntelliJ IDEA 2022.3.1\bin;;D:\Software\PyCharm 2022.3\bin;;."/>
    <property name="java.vm.info" value="mixed mode"/>
    <property name="java.vendor" value="Oracle Corporation"/>
    <property name="java.vm.version" value="25.341-b10"/>
    <property name="java.ext.dirs" value="D:\Software\java\jdk1.8.0_341\jre\lib\ext;C:\WINDOWS\Sun\Java\lib\ext"/>
    <property name="sun.io.unicode.encoding" value="UnicodeLittle"/>
    <property name="maven.repo.local" value="E:\localRepository"/>
    <property name="java.class.version" value="52.0"/>
  </properties>
  <testcase name="testFindAll" classname="com.atguigu.UserMapperTest" time="0.826"/>
</testsuite>